2023-09-28 10:13:29 INFO  Tcarts_FP:25 - URL
2023-09-28 10:13:31 INFO  Tcarts_FP:39 - Login
2023-09-28 10:13:33 INFO  Tcarts_FP:56 - Logout
2023-09-28 10:13:51 INFO  Tcarts_FP:25 - URL
2023-09-28 10:13:52 INFO  Tcarts_FP:39 - Login
2023-09-28 10:13:54 INFO  Tcarts_FP:56 - Logout
2023-09-28 10:17:26 INFO  Login:26 - URL
2023-09-28 10:17:28 INFO  Login:40 - Login
2023-09-28 10:17:35 INFO  Login:59 - Logout
2023-09-28 10:21:54 INFO  Login:26 - URL
2023-09-28 10:21:56 INFO  Login:40 - Login
2023-09-28 10:22:02 INFO  Login:60 - Logout
2023-09-28 10:23:05 INFO  Tcarts_FPO_Demo:37 - URL
2023-09-28 10:23:06 INFO  Tcarts_FPO_Demo:53 - Login
2023-09-28 10:23:09 INFO  Tcarts_FPO_Demo:70 - Logout
2023-09-28 10:24:42 INFO  Tcarts_FPO_Demo:37 - URL
2023-09-28 10:24:43 INFO  Tcarts_FPO_Demo:53 - Login
2023-09-28 10:24:45 INFO  Tcarts_FPO_Demo:70 - Logout
2023-09-28 10:25:17 INFO  Login:26 - URL
2023-09-28 10:25:18 INFO  Login:40 - Login
2023-09-28 10:25:24 INFO  Login:60 - Logout
2023-09-28 10:36:07 INFO  Tcarts_FPO_Demo:43 - URL
2023-09-28 10:36:08 INFO  Tcarts_FPO_Demo:59 - Login
2023-09-28 10:36:10 INFO  Tcarts_FPO_Demo:76 - Dashboard
2023-09-28 10:36:20 INFO  Tcarts_FPO_Demo:108 - Sales
2023-09-28 10:36:22 INFO  Tcarts_FPO_Demo:118 - Receipt List
2023-09-28 10:36:23 INFO  Tcarts_FPO_Demo:125 - Payment Pending
2023-09-28 10:36:25 INFO  Tcarts_FPO_Demo:133 - In Progress
2023-09-28 10:36:28 INFO  Tcarts_FPO_Demo:141 - Failed
2023-09-28 10:36:49 INFO  Tcarts_FPO_Demo:188 - Cancelled
2023-09-28 10:36:59 INFO  Tcarts_FPO_Demo:311 - App Feedback
2023-09-28 10:37:19 INFO  Tcarts_FPO_Demo:344 - Logout
2023-09-28 10:40:46 INFO  Tcarts_FPO_Demo:43 - URL
2023-09-28 10:40:47 INFO  Tcarts_FPO_Demo:59 - Login
2023-09-28 10:40:50 INFO  Tcarts_FPO_Demo:76 - Dashboard
2023-09-28 10:40:59 INFO  Tcarts_FPO_Demo:108 - Sales
2023-09-28 10:41:01 INFO  Tcarts_FPO_Demo:118 - Receipt List
2023-09-28 10:41:04 INFO  Tcarts_FPO_Demo:128 - Payment Pending
2023-09-28 10:41:06 INFO  Tcarts_FPO_Demo:136 - In Progress
2023-09-28 10:41:09 INFO  Tcarts_FPO_Demo:144 - Failed
2023-09-28 10:41:34 INFO  Tcarts_FPO_Demo:191 - Cancelled
2023-09-28 10:42:00 INFO  Tcarts_FPO_Demo:238 - Paid
2023-09-28 10:42:25 INFO  Tcarts_FPO_Demo:285 - All
2023-09-28 10:42:37 INFO  Tcarts_FPO_Demo:314 - App Feedback
2023-09-28 10:42:51 INFO  Tcarts_FPO_Demo:347 - Logout
2023-09-28 10:43:39 INFO  Login:26 - URL
2023-09-28 10:43:40 INFO  Login:40 - Login
2023-09-28 10:43:47 INFO  Login:60 - Logout
2023-09-28 10:46:15 INFO  Tcarts_FPO_Demo:43 - URL
2023-09-28 10:46:17 INFO  Tcarts_FPO_Demo:59 - Login
2023-09-28 10:46:20 INFO  Tcarts_FPO_Demo:76 - Dashboard
2023-09-28 10:46:31 INFO  Tcarts_FPO_Demo:108 - Sales
2023-09-28 10:46:33 INFO  Tcarts_FPO_Demo:118 - Receipt List
2023-09-28 10:46:36 INFO  Tcarts_FPO_Demo:128 - Payment Pending
2023-09-28 10:46:38 INFO  Tcarts_FPO_Demo:136 - In Progress
2023-09-28 10:46:40 INFO  Tcarts_FPO_Demo:144 - Failed
2023-09-28 10:47:06 INFO  Tcarts_FPO_Demo:191 - Cancelled
2023-09-28 10:47:32 INFO  Tcarts_FPO_Demo:238 - Paid
2023-09-28 10:47:57 INFO  Tcarts_FPO_Demo:285 - All
2023-09-28 10:48:10 INFO  Tcarts_FPO_Demo:314 - App Feedback
2023-09-28 10:48:22 INFO  Tcarts_FPO_Demo:347 - Logout
2023-09-28 10:49:19 INFO  Tcarts_FPO_Demo:43 - URL
2023-09-28 10:49:21 INFO  Tcarts_FPO_Demo:59 - Login
2023-09-28 10:49:23 INFO  Tcarts_FPO_Demo:76 - Dashboard
2023-09-28 10:49:34 INFO  Tcarts_FPO_Demo:108 - Sales
2023-09-28 10:49:36 INFO  Tcarts_FPO_Demo:118 - Receipt List
2023-09-28 10:49:39 INFO  Tcarts_FPO_Demo:128 - Payment Pending
2023-09-28 10:49:41 INFO  Tcarts_FPO_Demo:136 - In Progress
2023-09-28 10:49:43 INFO  Tcarts_FPO_Demo:144 - Failed
2023-09-28 10:50:09 INFO  Tcarts_FPO_Demo:191 - Cancelled
2023-09-28 10:50:35 INFO  Tcarts_FPO_Demo:238 - Paid
2023-09-28 10:51:00 INFO  Tcarts_FPO_Demo:285 - All
2023-09-28 10:51:13 INFO  Tcarts_FPO_Demo:314 - App Feedback
2023-09-28 10:51:26 INFO  Tcarts_FPO_Demo:347 - Logout
2023-09-28 10:52:38 INFO  Tcarts_FPO_Demo:43 - URL
2023-09-28 10:52:40 INFO  Tcarts_FPO_Demo:59 - Login
2023-09-28 10:52:42 INFO  Tcarts_FPO_Demo:76 - Dashboard
2023-09-28 10:52:54 INFO  Tcarts_FPO_Demo:108 - Sales
2023-09-28 10:52:55 INFO  Tcarts_FPO_Demo:118 - Receipt List
2023-09-28 10:52:58 INFO  Tcarts_FPO_Demo:128 - Payment Pending
2023-09-28 10:53:00 INFO  Tcarts_FPO_Demo:136 - In Progress
2023-09-28 10:53:03 INFO  Tcarts_FPO_Demo:144 - Failed
2023-09-28 10:53:28 INFO  Tcarts_FPO_Demo:191 - Cancelled
2023-09-28 10:53:54 INFO  Tcarts_FPO_Demo:238 - Paid
2023-09-28 10:54:19 INFO  Tcarts_FPO_Demo:285 - All
2023-09-28 10:54:32 INFO  Tcarts_FPO_Demo:314 - App Feedback
2023-09-28 10:54:44 INFO  Tcarts_FPO_Demo:347 - Logout
